Base path: 'C:/Program Files/Unity/Hub/Editor/2019.4.2f1/Editor/Data', plugins path 'C:/Program Files/Unity/Hub/Editor/2019.4.2f1/Editor/Data/PlaybackEngines'
Cmd: initializeCompiler
Cmd: compileComputeKernel
  api=4 insize=12081 outsize=1027 ok=1
Cmd: compileComputeKernel
  api=4 insize=12124 outsize=1819 ok=1
Cmd: compileComputeKernel
  api=4 insize=12124 outsize=1819 ok=1
Cmd: compileComputeKernel
  api=4 insize=12124 outsize=1856 ok=1
Cmd: compileComputeKernel
  api=4 insize=12124 outsize=1849 ok=1
Cmd: compileComputeKernel
  api=4 insize=19771 outsize=2037 ok=1
Cmd: compileComputeKernel
  api=4 insize=19771 outsize=3056 ok=1
Cmd: compileComputeKernel
  api=4 insize=66851 outsize=2850 ok=1
Cmd: compileComputeKernel
  api=4 insize=66851 outsize=2479 ok=1
Cmd: compileComputeKernel
  api=4 insize=66851 outsize=1489 ok=1
Cmd: compileComputeKernel
  api=4 insize=66851 outsize=1461 ok=1
Cmd: compileComputeKernel
  api=4 insize=66851 outsize=2029 ok=1
Cmd: compileComputeKernel
  api=4 insize=66851 outsize=1597 ok=1
Cmd: compileComputeKernel
  api=4 insize=66851 outsize=1610 ok=1
Cmd: compileComputeKernel
  api=4 insize=66851 outsize=1287 ok=1
Cmd: compileComputeKernel
  api=4 insize=66851 outsize=1369 ok=1
Cmd: compileComputeKernel
  api=4 insize=66851 outsize=1383 ok=1
Cmd: compileComputeKernel
  api=4 insize=66851 outsize=1861 ok=1
Cmd: compileComputeKernel
  api=4 insize=66851 outsize=1311 ok=1
Cmd: compileComputeKernel
  api=4 insize=66851 outsize=1364 ok=1
Cmd: compileComputeKernel
  api=4 insize=66851 outsize=1823 ok=1
Cmd: compileComputeKernel
  api=4 insize=66851 outsize=1819 ok=1
Cmd: compileComputeKernel
  api=4 insize=66851 outsize=1819 ok=1
Cmd: compileComputeKernel
  api=4 insize=66851 outsize=1851 ok=1
Cmd: compileComputeKernel
  api=4 insize=66851 outsize=1853 ok=1
Cmd: compileComputeKernel
  api=4 insize=66851 outsize=1997 ok=1
Cmd: compileComputeKernel
  api=4 insize=66851 outsize=1326 ok=1
Cmd: compileComputeKernel
  api=4 insize=66851 outsize=1394 ok=1
Cmd: compileComputeKernel
  api=4 insize=66851 outsize=3836 ok=1
Cmd: compileComputeKernel
  api=4 insize=66851 outsize=1427 ok=1
Cmd: compileComputeKernel
  api=4 insize=66851 outsize=1382 ok=1
Cmd: compileComputeKernel
  api=4 insize=73605 outsize=7773 ok=1
Cmd: compileComputeKernel
  api=4 insize=73605 outsize=6472 ok=1
Cmd: compileComputeKernel
  api=4 insize=33997 outsize=629 ok=1
Cmd: compileComputeKernel
  api=4 insize=33997 outsize=675 ok=1
Cmd: compileComputeKernel
  api=4 insize=33997 outsize=638 ok=1
Cmd: compileComputeKernel
  api=4 insize=33997 outsize=910 ok=1
Cmd: compileComputeKernel
  api=4 insize=33997 outsize=848 ok=1
Cmd: compileComputeKernel
  api=4 insize=33997 outsize=701 ok=1
Cmd: compileComputeKernel
  api=4 insize=33997 outsize=759 ok=1
Cmd: compileComputeKernel
  api=4 insize=33997 outsize=872 ok=1
Cmd: compileComputeKernel
  api=4 insize=33997 outsize=1321 ok=1
Cmd: compileComputeKernel
  api=4 insize=33997 outsize=1547 ok=1
Cmd: compileComputeKernel
  api=4 insize=33997 outsize=1369 ok=1
Cmd: compileComputeKernel
  api=4 insize=33997 outsize=1442 ok=1
Cmd: compileComputeKernel
  api=4 insize=33997 outsize=1311 ok=1
Cmd: compileComputeKernel
  api=4 insize=33997 outsize=1221 ok=1
Cmd: compileComputeKernel
  api=4 insize=33997 outsize=1631 ok=1
Cmd: compileComputeKernel
  api=4 insize=74993 outsize=6812 ok=1
Cmd: compileComputeKernel
  api=4 insize=74993 outsize=23133 ok=1
Cmd: compileComputeKernel
  api=4 insize=74993 outsize=12236 ok=1
Cmd: compileComputeKernel
  api=4 insize=4434 outsize=1449 ok=1
Cmd: compileSnippet
  api=4 type=1 insize=1598 outsize=7574 kw=UNITY_PASS_FORWARDBASE DIRECTIONAL SHADOWS_SCREEN LIGHTPROBE_SH _NORMALMAP _SMOOTHNESS_TEXTURE_ALBEDO_CHANNEL_A pd=UNITY_ENABLE_REFLECTION_BUFFERS UNITY_USE_DITHER_MASK_FOR_ALPHABLENDED_SHADOWS UNITY_PBS_USE_BRDF1 UNITY_SPECCUBE_BOX_PROJECTION UNITY_SPECCUBE_BLENDING UNITY_ENABLE_DETAIL_NORMALMAP SHADER_API_DESKTOP UNITY_COLORSPACE_GAMMA UNITY_LIGHT_PROBE_PROXY_VOLUME UNITY_LIGHTMAP_FULL_HDR ok=1
Cmd: compileSnippet
  api=4 type=1 insize=7641 outsize=3266 kw=UNITY_PASS_FORWARDADD DIRECTIONAL SHADOWS_SCREEN pd=UNITY_ENABLE_REFLECTION_BUFFERS UNITY_USE_DITHER_MASK_FOR_ALPHABLENDED_SHADOWS UNITY_PBS_USE_BRDF1 UNITY_SPECCUBE_BOX_PROJECTION UNITY_SPECCUBE_BLENDING UNITY_ENABLE_DETAIL_NORMALMAP SHADER_API_DESKTOP UNITY_COLORSPACE_GAMMA UNITY_LIGHT_PROBE_PROXY_VOLUME UNITY_LIGHTMAP_FULL_HDR ok=1
Cmd: compileSnippet
  api=4 type=0 insize=288996 outsize=1910 kw=UNITY_PASS_FORWARDBASE DIRECTIONAL SHADOWS_SCREEN LIGHTPROBE_SH FOG_EXP2 pd=UNITY_ENABLE_REFLECTION_BUFFERS UNITY_USE_DITHER_MASK_FOR_ALPHABLENDED_SHADOWS UNITY_PBS_USE_BRDF1 UNITY_SPECCUBE_BOX_PROJECTION UNITY_SPECCUBE_BLENDING UNITY_ENABLE_DETAIL_NORMALMAP SHADER_API_DESKTOP UNITY_COLORSPACE_GAMMA UNITY_LIGHT_PROBE_PROXY_VOLUME UNITY_LIGHTMAP_FULL_HDR ok=1
Cmd: compileSnippet
  api=4 type=0 insize=1598 outsize=2362 kw=UNITY_PASS_FORWARDBASE DIRECTIONAL SHADOWS_SCREEN LIGHTPROBE_SH FOG_EXP2 _NORMALMAP pd=UNITY_ENABLE_REFLECTION_BUFFERS UNITY_USE_DITHER_MASK_FOR_ALPHABLENDED_SHADOWS UNITY_PBS_USE_BRDF1 UNITY_SPECCUBE_BOX_PROJECTION UNITY_SPECCUBE_BLENDING UNITY_ENABLE_DETAIL_NORMALMAP SHADER_API_DESKTOP UNITY_COLORSPACE_GAMMA UNITY_LIGHT_PROBE_PROXY_VOLUME UNITY_LIGHTMAP_FULL_HDR ok=1
Cmd: compileSnippet
  api=4 type=0 insize=1602 outsize=2002 kw=UNITY_PASS_FORWARDBASE DIRECTIONAL SHADOWS_SCREEN LIGHTPROBE_SH FOG_EXP2 pd=UNITY_ENABLE_REFLECTION_BUFFERS UNITY_USE_DITHER_MASK_FOR_ALPHABLENDED_SHADOWS UNITY_PBS_USE_BRDF1 UNITY_SPECCUBE_BOX_PROJECTION UNITY_SPECCUBE_BLENDING UNITY_ENABLE_DETAIL_NORMALMAP SHADER_API_DESKTOP UNITY_COLORSPACE_GAMMA UNITY_LIGHT_PROBE_PROXY_VOLUME UNITY_LIGHTMAP_FULL_HDR ok=1
Cmd: compileSnippet
  api=4 type=1 insize=158920 outsize=2554 kw=UNITY_PASS_FORWARDADD DIRECTIONAL SHADOWS_SCREEN pd=UNITY_ENABLE_REFLECTION_BUFFERS UNITY_USE_DITHER_MASK_FOR_ALPHABLENDED_SHADOWS UNITY_PBS_USE_BRDF1 UNITY_SPECCUBE_BOX_PROJECTION UNITY_SPECCUBE_BLENDING UNITY_ENABLE_DETAIL_NORMALMAP SHADER_API_DESKTOP UNITY_COLORSPACE_GAMMA UNITY_LIGHT_PROBE_PROXY_VOLUME UNITY_LIGHTMAP_FULL_HDR ok=1
Cmd: compileSnippet
  api=4 type=0 insize=4978 outsize=1342 kw=UNITY_PASS_FORWARDADD DIRECTIONAL SHADOWS_SCREEN pd=UNITY_ENABLE_REFLECTION_BUFFERS UNITY_USE_DITHER_MASK_FOR_ALPHABLENDED_SHADOWS UNITY_PBS_USE_BRDF1 UNITY_SPECCUBE_BOX_PROJECTION UNITY_SPECCUBE_BLENDING UNITY_ENABLE_DETAIL_NORMALMAP SHADER_API_DESKTOP UNITY_COLORSPACE_GAMMA UNITY_LIGHT_PROBE_PROXY_VOLUME UNITY_LIGHTMAP_FULL_HDR ok=1
